[debug] [2025-04-23T05:09:41.824Z] ----------------------------------------------------------------------
[debug] [2025-04-23T05:09:41.829Z] Command:       /home/stormtech/.nvm/versions/node/v20.19.1/bin/node /home/stormtech/.nvm/versions/node/v20.19.1/bin/firebase init functions
[debug] [2025-04-23T05:09:41.829Z] CLI Version:   14.2.0
[debug] [2025-04-23T05:09:41.830Z] Platform:      linux
[debug] [2025-04-23T05:09:41.830Z] Node Version:  v20.19.1
[debug] [2025-04-23T05:09:41.830Z] Time:          Wed Apr 23 2025 10:39:41 GMT+0530 (India Standard Time)
[debug] [2025-04-23T05:09:41.830Z] ----------------------------------------------------------------------
[debug] 
[debug] [2025-04-23T05:09:41.838Z] > command requires scopes: ["email","openid","https://www.googleapis.com/auth/cloudplatformprojects.readonly","https://www.googleapis.com/auth/firebase","https://www.googleapis.com/auth/cloud-platform"]
[debug] [2025-04-23T05:09:41.839Z] > authorizing via signed-in user (dannush786@gmail.com)
[info] 
     ######## #### ########  ######## ########     ###     ######  ########
     ##        ##  ##     ## ##       ##     ##  ##   ##  ##       ##
     ######    ##  ########  ######   ########  #########  ######  ######
     ##        ##  ##    ##  ##       ##     ## ##     ##       ## ##
     ##       #### ##     ## ######## ########  ##     ##  ######  ########

You're about to initialize a Firebase project in this directory:

  /home/stormtech/epi-project/backend

[info] 
=== Project Setup
[info] 
[info] First, let's associate this project directory with a Firebase project.
[info] You can create multiple project aliases by running firebase use --add, 
[info] but for now we'll just set up a default project.
[info] 
